<?xml version="1.0" encoding="UTF-8"?>
<!-- Generated by org.testng.reporters.JUnitReportReporter -->
<testsuite skipped="0" hostname="DESKTOP-11SJ4LJ" name="testcases.TS001TC001CurrysURLAndLogoTest" tests="1" failures="0" timestamp="2022-01-13T10:59:10 GMT" time="28.994" errors="0">
  <testcase name="loadPageVerifyURLAndLogo" time="28.994" classname="testcases.TS001TC001CurrysURLAndLogoTest"/>
  <system-out/>
</testsuite> <!-- testcases.TS001TC001CurrysURLAndLogoTest -->
