<?xml version="1.0" encoding="UTF-8"?>
<!-- Generated by org.testng.reporters.JUnitReportReporter -->
<testsuite skipped="0" hostname="DESKTOP-11SJ4LJ" name="testcases.SearchProductTest" tests="1" failures="0" timestamp="2022-01-10T23:43:27 GMT" time="40.296" errors="0">
  <testcase name="searchProduct" time="40.296" classname="testcases.SearchProductTest"/>
  <system-out/>
</testsuite> <!-- testcases.SearchProductTest -->
