<?xml version="1.0" encoding="UTF-8"?>
<!-- Generated by org.testng.reporters.JUnitReportReporter -->
<testsuite skipped="0" hostname="DESKTOP-11SJ4LJ" name="testcases.TS005TC001TrackYourOrderDeliveryTodayTest" tests="2" failures="0" timestamp="2022-01-13T18:04:08 GMT" time="52.626" errors="0">
  <testcase name="trackYourOrder" time="24.869" classname="testcases.TS005TC001TrackYourOrderDeliveryTodayTest"/>
  <system-out/>
  <testcase name="trackYourOrder" time="27.757" classname="testcases.TS005TC001TrackYourOrderDeliveryTodayTest"/>
  <system-out/>
</testsuite> <!-- testcases.TS005TC001TrackYourOrderDeliveryTodayTest -->
