<?xml version="1.0" encoding="UTF-8"?>
<!-- Generated by org.testng.reporters.JUnitReportReporter -->
<testsuite skipped="0" hostname="DESKTOP-11SJ4LJ" name="testcases.TC007TC001NavigationToOtherCurrysWebsiteTest" tests="3" failures="0" timestamp="2022-01-13T18:04:08 GMT" time="64.233" errors="0">
  <testcase name="navigateToOtherCurrysWebsites" time="21.948" classname="testcases.TC007TC001NavigationToOtherCurrysWebsiteTest"/>
  <system-out/>
  <testcase name="navigateToOtherCurrysWebsites" time="23.298" classname="testcases.TC007TC001NavigationToOtherCurrysWebsiteTest"/>
  <system-out/>
  <testcase name="navigateToOtherCurrysWebsites" time="18.987" classname="testcases.TC007TC001NavigationToOtherCurrysWebsiteTest"/>
  <system-out/>
</testsuite> <!-- testcases.TC007TC001NavigationToOtherCurrysWebsiteTest -->
