<?xml version="1.0" encoding="UTF-8"?>
<!-- Generated by org.testng.reporters.JUnitReportReporter -->
<testsuite skipped="0" hostname="DESKTOP-11SJ4LJ" name="testcases.CurrysStoreFinderTest" tests="2" failures="0" timestamp="2022-01-11T03:11:54 GMT" time="50.509" errors="0">
  <testcase name="currysStoreFinder" time="24.991" classname="testcases.CurrysStoreFinderTest"/>
  <system-out/>
  <testcase name="currysStoreFinder" time="25.518" classname="testcases.CurrysStoreFinderTest"/>
  <system-out/>
</testsuite> <!-- testcases.CurrysStoreFinderTest -->
