<?xml version="1.0" encoding="UTF-8"?>
<!-- Generated by org.testng.reporters.JUnitReportReporter -->
<testsuite skipped="0" hostname="DESKTOP-11SJ4LJ" name="testcases.TrackTodayOrderDeliveryTest" tests="2" failures="0" timestamp="2022-01-10T11:29:01 GMT" time="64.612" errors="0">
  <testcase name="trackOurOrder" time="23.027" classname="testcases.TrackTodayOrderDeliveryTest"/>
  <system-out/>
  <testcase name="trackOurOrder" time="41.585" classname="testcases.TrackTodayOrderDeliveryTest"/>
  <system-out/>
</testsuite> <!-- testcases.TrackTodayOrderDeliveryTest -->
