<?xml version="1.0" encoding="UTF-8"?>
<!-- Generated by org.testng.reporters.JUnitReportReporter -->
<testsuite skipped="0" hostname="DESKTOP-11SJ4LJ" name="testcases.PageNavigationTest" tests="1" failures="0" timestamp="2022-01-06T11:52:16 GMT" time="19.934" errors="0">
  <testcase name="pageNavigation" time="19.934" classname="testcases.PageNavigationTest"/>
  <system-out/>
</testsuite> <!-- testcases.PageNavigationTest -->
