<?xml version="1.0" encoding="UTF-8"?>
<!-- Generated by org.testng.reporters.JUnitReportReporter -->
<testsuite skipped="0" hostname="DESKTOP-11SJ4LJ" name="testcases.TS002TC002SearchInvalidItemsTest" tests="1" failures="0" timestamp="2022-01-13T18:04:08 GMT" time="37.580" errors="0">
  <testcase name="searchInvalidProduct" time="37.580" classname="testcases.TS002TC002SearchInvalidItemsTest"/>
  <system-out/>
</testsuite> <!-- testcases.TS002TC002SearchInvalidItemsTest -->
