<?xml version="1.0" encoding="UTF-8"?>
<!-- Generated by org.testng.reporters.JUnitReportReporter -->
<testsuite skipped="0" hostname="DESKTOP-11SJ4LJ" name="testcases.TS001TC001CurrysURLAndLogoTest" tests="1" failures="0" timestamp="2022-01-13T18:04:08 GMT" time="19.988" errors="0">
  <testcase name="loadPageVerifyURLAndLogo" time="19.988" classname="testcases.TS001TC001CurrysURLAndLogoTest"/>
  <system-out/>
</testsuite> <!-- testcases.TS001TC001CurrysURLAndLogoTest -->
