<?xml version="1.0" encoding="UTF-8"?>
<!-- Generated by org.testng.reporters.JUnitReportReporter -->
<testsuite skipped="0" hostname="DESKTOP-11SJ4LJ" name="testcases.TS005TC001TrackYourOrderDeliveryTodayTest" tests="2" failures="0" timestamp="2022-01-13T10:59:10 GMT" time="52.089" errors="0">
  <testcase name="trackYourOrder" time="24.931" classname="testcases.TS005TC001TrackYourOrderDeliveryTodayTest"/>
  <system-out/>
  <testcase name="trackYourOrder" time="27.158" classname="testcases.TS005TC001TrackYourOrderDeliveryTodayTest"/>
  <system-out/>
</testsuite> <!-- testcases.TS005TC001TrackYourOrderDeliveryTodayTest -->
