<?xml version="1.0" encoding="UTF-8"?>
<!-- Generated by org.testng.reporters.JUnitReportReporter -->
<testsuite skipped="0" hostname="DESKTOP-11SJ4LJ" name="testcases.TS002TC001SearchAvailableItemsTest" tests="1" failures="0" timestamp="2022-01-13T10:59:10 GMT" time="33.096" errors="0">
  <testcase name="searchProduct" time="33.096" classname="testcases.TS002TC001SearchAvailableItemsTest"/>
  <system-out/>
</testsuite> <!-- testcases.TS002TC001SearchAvailableItemsTest -->
