<?xml version="1.0" encoding="UTF-8"?>
<!-- Generated by org.testng.reporters.JUnitReportReporter -->
<testsuite skipped="0" hostname="DESKTOP-11SJ4LJ" name="testcases.LoadPageVerifyURLAndLogo" tests="1" failures="0" timestamp="2022-01-05T17:49:55 GMT" time="31.320" errors="0">
  <testcase name="loadPageVerifyURLAndLogo" time="31.320" classname="testcases.LoadPageVerifyURLAndLogo"/>
  <system-out/>
</testsuite> <!-- testcases.LoadPageVerifyURLAndLogo -->
