<?xml version="1.0" encoding="UTF-8"?>
<!-- Generated by org.testng.reporters.JUnitReportReporter -->
<testsuite skipped="0" hostname="DESKTOP-11SJ4LJ" name="testcases.LoadPageVerifyURLAndLogoTest" tests="1" failures="0" timestamp="2022-01-06T19:49:58 GMT" time="17.281" errors="0">
  <testcase name="loadPageVerifyURLAndLogo" time="17.281" classname="testcases.LoadPageVerifyURLAndLogoTest"/>
  <system-out/>
</testsuite> <!-- testcases.LoadPageVerifyURLAndLogoTest -->
