<?xml version="1.0" encoding="UTF-8"?>
<!-- Generated by org.testng.reporters.JUnitReportReporter -->
<testsuite skipped="0" hostname="DESKTOP-11SJ4LJ" name="testcases.OtherCurrysWebsiteNavigationTest" tests="3" failures="0" timestamp="2022-01-12T11:44:29 GMT" time="63.465" errors="0">
  <testcase name="otherCurrysWebsiteNavigation" time="18.035" classname="testcases.OtherCurrysWebsiteNavigationTest"/>
  <system-out/>
  <testcase name="otherCurrysWebsiteNavigation" time="20.779" classname="testcases.OtherCurrysWebsiteNavigationTest"/>
  <system-out/>
  <testcase name="otherCurrysWebsiteNavigation" time="24.651" classname="testcases.OtherCurrysWebsiteNavigationTest"/>
  <system-out/>
</testsuite> <!-- testcases.OtherCurrysWebsiteNavigationTest -->
