<?xml version="1.0" encoding="UTF-8"?>
<!-- Generated by org.testng.reporters.JUnitReportReporter -->
<testsuite skipped="0" hostname="DESKTOP-11SJ4LJ" name="testcases.TrackTodayOrderDeliveryTest" tests="2" failures="0" timestamp="2022-01-12T11:15:50 GMT" time="52.213" errors="0">
  <testcase name="trackOurOrder" time="26.399" classname="testcases.TrackTodayOrderDeliveryTest"/>
  <system-out/>
  <testcase name="trackOurOrder" time="25.814" classname="testcases.TrackTodayOrderDeliveryTest"/>
  <system-out/>
</testsuite> <!-- testcases.TrackTodayOrderDeliveryTest -->
