<?xml version="1.0" encoding="UTF-8"?>
<!-- Generated by org.testng.reporters.JUnitReportReporter -->
<testsuite skipped="0" hostname="DESKTOP-11SJ4LJ" name="testcases.TS006TC001FindAStoreTest" tests="2" failures="0" timestamp="2022-01-13T18:04:08 GMT" time="54.895" errors="0">
  <testcase name="currysStoreFinder" time="30.189" classname="testcases.TS006TC001FindAStoreTest"/>
  <system-out/>
  <testcase name="currysStoreFinder" time="24.706" classname="testcases.TS006TC001FindAStoreTest"/>
  <system-out/>
</testsuite> <!-- testcases.TS006TC001FindAStoreTest -->
